<?xml version="1.0" encoding="UTF-8"?>
<testsuite name="common.PeekIteratorTests" tests="1" skipped="0" failures="0" errors="0" timestamp="2020-07-29T10:40:20" hostname="ThinkPad-PC" time="0.019">
  <properties/>
  <testcase name="test_lookahead2()" classname="common.PeekIteratorTests" time="0.019"/>
  <system-out><![CDATA[]]></system-out>
  <system-err><![CDATA[]]></system-err>
</testsuite>
